Microsoft (R) Macro Assembler Version 14.00.24210.0	    11/13/16 21:02:19
WriteBin.asm						     Page 1 - 1


				; AddTwo.asm - adds two 32-bit integers.
				; Chapter 3 example

				.386
				.model flat,stdcall
				.stack 4096
				ExitProcess proto,dwExitCode:dword

 00000000			.data 
 00000000 00010000		dword1 DWORD 10000h,20000h,30000h,40000h
	   00020000
	   00030000
	   00040000

 00000000			.code
 00000000			main PROC
 00000000  A1 00000008 R	mov eax, dword1[8]
 00000005  8B 15 00000004 R		mov edx, dword1[4]
 0000000B  33 C2			xor eax,edx


					invoke ExitProcess,0
 0000000D  6A 00	   *	    push   +000000000h
 0000000F  E8 00000000 E   *	    call   ExitProcess
 00000014			main endp
				end main
Microsoft (R) Macro Assembler Version 14.00.24210.0	    11/13/16 21:02:19
WriteBin.asm						     Symbols 2 - 1




Segments and Groups:

                N a m e                 Size     Length   Align   Combine Class

FLAT . . . . . . . . . . . . . .	GROUP
STACK  . . . . . . . . . . . . .	32 Bit	 00001000 DWord	  Stack	  'STACK'	 
_DATA  . . . . . . . . . . . . .	32 Bit	 00000010 DWord	  Public  'DATA'	
_TEXT  . . . . . . . . . . . . .	32 Bit	 00000014 DWord	  Public  'CODE'	


Procedures, parameters, and locals:

                N a m e                 Type     Value    Attr

ExitProcess  . . . . . . . . . .	P Near	 00000000 FLAT	Length= 00000000 External STDCALL
main . . . . . . . . . . . . . .	P Near	 00000000 _TEXT	Length= 00000014 Public STDCALL


Symbols:

                N a m e                 Type     Value    Attr

@CodeSize  . . . . . . . . . . .	Number	 00000000h   
@DataSize  . . . . . . . . . . .	Number	 00000000h   
@Interface . . . . . . . . . . .	Number	 00000003h   
@Model . . . . . . . . . . . . .	Number	 00000007h   
@code  . . . . . . . . . . . . .	Text   	 _TEXT
@data  . . . . . . . . . . . . .	Text   	 FLAT
@fardata?  . . . . . . . . . . .	Text   	 FLAT
@fardata . . . . . . . . . . . .	Text   	 FLAT
@stack . . . . . . . . . . . . .	Text   	 FLAT
dword1 . . . . . . . . . . . . .	DWord	 00000000 _DATA	

	   0 Warnings
	   0 Errors
